============================================================
Phase 16 v0.3.0 Bilinear Acceptance Gate -- SLURM Job
============================================================
Job ID:       54901072
Node:         m3s106
Project root: /fs04/fc37/adam/projects/dcm_pytorch
Branch:       gsd/phase-16-bilinear-recovery-benchmark
Commit:       b902a70
Start time:   2026-04-19T19:31:20+10:00
============================================================
Trying primary env: actinf-py-scripts
  activated actinf-py-scripts (by name)
  syncing deps via pip install -e .[benchmark,dev]
torch 2.10.0+cu128 | pyro 1.9.1 | torchdiffeq 0.2.5
zuko 1.6.0 | scipy 1.14.1 | matplotlib 3.9.4
CUDA available: False
project imports OK

[Sun Apr 19 07:32:12 PM AEST 2026] Running Phase 16 acceptance gate (10 seeds x 500 SVI steps)
============================= test session starts ==============================
platform linux -- Python 3.10.20, pytest-9.0.3, pluggy-1.6.0 -- /scratch/fc37/aman0087/conda/envs/actinf-py-scripts/bin/python3.10
cachedir: .pytest_cache
rootdir: /fs04/fc37/adam/projects/dcm_pytorch
configfile: pyproject.toml
collecting ... collected 2 items / 1 deselected / 1 selected

tests/test_task_bilinear_benchmark.py::TestTaskBilinearAcceptance::test_acceptance_gates_pass_at_10_seeds Running dataset 1/10 (seed 42)...
  a_rmse_bi=0.0873, a_rmse_lin=0.0880, t_bi=653.3s, t_lin=539.1s
Running dataset 2/10 (seed 43)...
  a_rmse_bi=0.0854, a_rmse_lin=0.0863, t_bi=623.2s, t_lin=538.8s
Running dataset 3/10 (seed 44)...
  FAILED: NaN ELBO at step 0
Running dataset 4/10 (seed 45)...
  a_rmse_bi=0.0652, a_rmse_lin=0.0649, t_bi=622.7s, t_lin=539.4s
Running dataset 5/10 (seed 46)...
  a_rmse_bi=0.1321, a_rmse_lin=0.1321, t_bi=621.7s, t_lin=538.1s
Running dataset 6/10 (seed 47)...
  a_rmse_bi=0.1145, a_rmse_lin=0.1144, t_bi=621.5s, t_lin=537.4s
Running dataset 7/10 (seed 48)...
  a_rmse_bi=0.1379, a_rmse_lin=0.1380, t_bi=621.2s, t_lin=538.7s
Running dataset 8/10 (seed 49)...
  FAILED: NaN ELBO at step 0
Running dataset 9/10 (seed 50)...
  FAILED: NaN ELBO at step 0
Running dataset 10/10 (seed 51)...
  a_rmse_bi=0.1103, a_rmse_lin=0.1115, t_bi=621.0s, t_lin=538.5s
FAILED

=================================== FAILURES ===================================
______ TestTaskBilinearAcceptance.test_acceptance_gates_pass_at_10_seeds _______
tests/test_task_bilinear_benchmark.py:243: in test_acceptance_gates_pass_at_10_seeds
    assert n_success >= 10, (
E   AssertionError: Expected >=10 successful seeds, got n_success=7 (n_failed=3, n_datasets=?, status=success). Likely causes: bilinear SVI instability (increase n_svi_steps to 1500 per L8) or fixture generation regression. Inspect posterior_list[*]['final_losses'] tails for convergence hints.
E   assert 7 >= 10
------------------------------ Captured log call -------------------------------
WARNING  matplotlib.style.core:core.py:213 In /scratch/fc37/aman0087/conda/envs/actinf-py-scripts/lib/python3.10/site-packages/matplotlib/mpl-data/stylelib/classic.mplstyle: 'parseString' deprecated - use 'parse_string'
WARNING  matplotlib.style.core:core.py:213 In /scratch/fc37/aman0087/conda/envs/actinf-py-scripts/lib/python3.10/site-packages/matplotlib/mpl-data/stylelib/classic.mplstyle: 'resetCache' deprecated - use 'reset_cache'
WARNING  matplotlib.style.core:core.py:213 In /scratch/fc37/aman0087/conda/envs/actinf-py-scripts/lib/python3.10/site-packages/matplotlib/mpl-data/stylelib/classic.mplstyle: 'parseString' deprecated - use 'parse_string'
WARNING  matplotlib.style.core:core.py:213 In /scratch/fc37/aman0087/conda/envs/actinf-py-scripts/lib/python3.10/site-packages/matplotlib/mpl-data/stylelib/classic.mplstyle: 'resetCache' deprecated - use 'reset_cache'
WARNING  matplotlib.style.core:core.py:213 In /scratch/fc37/aman0087/conda/envs/actinf-py-scripts/lib/python3.10/site-packages/matplotlib/mpl-data/stylelib/classic.mplstyle: 'parseString' deprecated - use 'parse_string'
WARNING  matplotlib.style.core:core.py:213 In /scratch/fc37/aman0087/conda/envs/actinf-py-scripts/lib/python3.10/site-packages/matplotlib/mpl-data/stylelib/classic.mplstyle: 'resetCache' deprecated - use 'reset_cache'
WARNING  matplotlib.style.core:core.py:213 In /scratch/fc37/aman0087/conda/envs/actinf-py-scripts/lib/python3.10/site-packages/matplotlib/mpl-data/stylelib/classic.mplstyle: 'parseString' deprecated - use 'parse_string'
WARNING  matplotlib.style.core:core.py:213 In /scratch/fc37/aman0087/conda/envs/actinf-py-scripts/lib/python3.10/site-packages/matplotlib/mpl-data/stylelib/classic.mplstyle: 'resetCache' deprecated - use 'reset_cache'
=============================== warnings summary ===============================
tests/test_task_bilinear_benchmark.py::TestTaskBilinearAcceptance::test_acceptance_gates_pass_at_10_seeds
  /scratch/fc37/aman0087/conda/envs/actinf-py-scripts/lib/python3.10/site-packages/matplotlib/_fontconfig_pattern.py:64: PyparsingDeprecationWarning: 'oneOf' deprecated - use 'one_of'
    prop = Group((name + Suppress("=") + comma_separated(value)) | oneOf(_CONSTANTS))

tests/test_task_bilinear_benchmark.py::TestTaskBilinearAcceptance::test_acceptance_gates_pass_at_10_seeds
tests/test_task_bilinear_benchmark.py::TestTaskBilinearAcceptance::test_acceptance_gates_pass_at_10_seeds
tests/test_task_bilinear_benchmark.py::TestTaskBilinearAcceptance::test_acceptance_gates_pass_at_10_seeds
tests/test_task_bilinear_benchmark.py::TestTaskBilinearAcceptance::test_acceptance_gates_pass_at_10_seeds
tests/test_task_bilinear_benchmark.py::TestTaskBilinearAcceptance::test_acceptance_gates_pass_at_10_seeds
tests/test_task_bilinear_benchmark.py::TestTaskBilinearAcceptance::test_acceptance_gates_pass_at_10_seeds
  /scratch/fc37/aman0087/conda/envs/actinf-py-scripts/lib/python3.10/site-packages/matplotlib/_fontconfig_pattern.py:85: PyparsingDeprecationWarning: 'parseString' deprecated - use 'parse_string'
    parse = parser.parseString(pattern)

tests/test_task_bilinear_benchmark.py::TestTaskBilinearAcceptance::test_acceptance_gates_pass_at_10_seeds
tests/test_task_bilinear_benchmark.py::TestTaskBilinearAcceptance::test_acceptance_gates_pass_at_10_seeds
tests/test_task_bilinear_benchmark.py::TestTaskBilinearAcceptance::test_acceptance_gates_pass_at_10_seeds
tests/test_task_bilinear_benchmark.py::TestTaskBilinearAcceptance::test_acceptance_gates_pass_at_10_seeds
tests/test_task_bilinear_benchmark.py::TestTaskBilinearAcceptance::test_acceptance_gates_pass_at_10_seeds
tests/test_task_bilinear_benchmark.py::TestTaskBilinearAcceptance::test_acceptance_gates_pass_at_10_seeds
  /scratch/fc37/aman0087/conda/envs/actinf-py-scripts/lib/python3.10/site-packages/matplotlib/_fontconfig_pattern.py:89: PyparsingDeprecationWarning: 'resetCache' deprecated - use 'reset_cache'
    parser.resetCache()

tests/test_task_bilinear_benchmark.py::TestTaskBilinearAcceptance::test_acceptance_gates_pass_at_10_seeds
  /scratch/fc37/aman0087/conda/envs/actinf-py-scripts/lib/python3.10/site-packages/matplotlib/_mathtext.py:45: PyparsingDeprecationWarning: 'enablePackrat' deprecated - use 'enable_packrat'
    ParserElement.enablePackrat()

tests/test_task_bilinear_benchmark.py::TestTaskBilinearAcceptance::test_acceptance_gates_pass_at_10_seeds
tests/test_task_bilinear_benchmark.py::TestTaskBilinearAcceptance::test_acceptance_gates_pass_at_10_seeds
tests/test_task_bilinear_benchmark.py::TestTaskBilinearAcceptance::test_acceptance_gates_pass_at_10_seeds
  /scratch/fc37/aman0087/conda/envs/actinf-py-scripts/lib/python3.10/site-packages/pyro/infer/trace_elbo.py:158: UserWarning: Encountered NaN: loss
    warn_if_nan(loss, "loss")

-- Docs: https://docs.pytest.org/en/stable/how-to/capture-warnings.html
=========================== short test summary info ============================
FAILED tests/test_task_bilinear_benchmark.py::TestTaskBilinearAcceptance::test_acceptance_gates_pass_at_10_seeds
========== 1 failed, 1 deselected, 17 warnings in 9406.71s (2:36:46) ===========

[Sun Apr 19 10:09:07 PM AEST 2026] Pytest finished (exit code: 1, elapsed: 9415s)

Wrote result summaries:
  cluster/results/phase16_acceptance_54901072.json
  cluster/results/phase16_acceptance_54901072.md

============================================================
JOB RESOURCE REPORT
============================================================
            54901072   02:37:47                              16G          4      RUNNING 
      54901072.batch   02:37:47                                           4      RUNNING 
     54901072.extern   02:37:47                                           4      RUNNING 

For detailed stats: jobstats 54901072
============================================================
