============================================================
Auto-Push Phase 16 Acceptance Results
============================================================
Job ID:      54900994
Node:        m3s117
Project:     /fs04/fc37/adam/projects/dcm_pytorch
Remote:      origin
Strategy:    branch: results/phase16-acceptance-20260419-182230
Parent jobs: 54900993
Start:       Sun Apr 19 06:22:30 PM AEST 2026
============================================================

Checking git configuration...
Testing push access to origin...
  Remote accessible: git@github.com:adammanoogian/dcm_pytorch.git
  Current branch: gsd/phase-16-bilinear-recovery-benchmark
  HEAD:           d732096

Staging Phase 16 result files...
  + Phase 16 SLURM stdout logs (1 files)
  + Phase 16 SLURM stderr logs (1 files)

Staged changes:
 cluster/logs/phase16_54900993.err |  3 +++
 cluster/logs/phase16_54900993.out | 13 +++++++++++++
 2 files changed, 16 insertions(+)

Creating results branch: results/phase16-acceptance-20260419-182230
[results/phase16-acceptance-20260419-182230 0a1c97d] results(phase16): acceptance gate outputs (SLURM jobs: 54900993)
 2 files changed, 16 insertions(+)
 create mode 100644 cluster/logs/phase16_54900993.err
 create mode 100644 cluster/logs/phase16_54900993.out
Pushing branch to origin...
branch 'results/phase16-acceptance-20260419-182230' set up to track 'origin/results/phase16-acceptance-20260419-182230'.
STATUS: PUSHED TO BRANCH results/phase16-acceptance-20260419-182230
Returning to branch: gsd/phase-16-bilinear-recovery-benchmark
Your branch is up to date with 'origin/gsd/phase-16-bilinear-recovery-benchmark'.

============================================================
Git Push Complete!
============================================================
End time: Sun Apr 19 06:22:36 PM AEST 2026
Merge locally: git fetch origin && git merge origin/results/phase16-acceptance-20260419-182230
============================================================
