============================================================
Auto-Push Phase 16 Acceptance Results
============================================================
Job ID:      54902456
Node:        m3s117
Project:     /fs04/fc37/adam/projects/dcm_pytorch
Remote:      origin
Strategy:    branch: results/phase16-acceptance-20260420-062827
Parent jobs: 54902455
Start:       Mon Apr 20 06:28:27 AM AEST 2026
============================================================

Checking git configuration...
Testing push access to origin...
  Remote accessible: git@github.com:adammanoogian/dcm_pytorch.git
  Current branch: main
  HEAD:           9c50011

Staging Phase 16 result files...
  + Phase 16 SLURM stdout logs (1 files)
  + Phase 16 SLURM stderr logs (1 files)
  + Phase 16 pytest tee logs (1 files)
  + Phase 16 acceptance result summaries (1 files)
  + Phase 16 acceptance markdown reports (1 files)

Staged changes:
 cluster/logs/phase16_54902455.err                |   0
 cluster/logs/phase16_54902455.out                | 122 +++++++++++++++++++++++
 cluster/logs/pytest_phase16_54902455.log         |  87 ++++++++++++++++
 cluster/results/phase16_acceptance_54902455.json |  12 +++
 cluster/results/phase16_acceptance_54902455.md   |  16 +++
 5 files changed, 237 insertions(+)

Creating results branch: results/phase16-acceptance-20260420-062827
[results/phase16-acceptance-20260420-062827 37c1f13] results(phase16): acceptance gate outputs (SLURM jobs: 54902455)
 5 files changed, 237 insertions(+)
 create mode 100644 cluster/logs/phase16_54902455.err
 create mode 100644 cluster/logs/phase16_54902455.out
 create mode 100644 cluster/logs/pytest_phase16_54902455.log
 create mode 100644 cluster/results/phase16_acceptance_54902455.json
 create mode 100644 cluster/results/phase16_acceptance_54902455.md
Pushing branch to origin...
branch 'results/phase16-acceptance-20260420-062827' set up to track 'origin/results/phase16-acceptance-20260420-062827'.
STATUS: PUSHED TO BRANCH results/phase16-acceptance-20260420-062827
Returning to branch: main
Your branch is up to date with 'origin/main'.

============================================================
Git Push Complete!
============================================================
End time: Mon Apr 20 06:28:33 AM AEST 2026
Merge locally: git fetch origin && git merge origin/results/phase16-acceptance-20260420-062827
============================================================
