============================================================
Auto-Push Phase 16 Acceptance Results
============================================================
Job ID:      54933839
Node:        m3j008
Project:     /fs04/fc37/adam/projects/dcm_pytorch
Remote:      origin
Strategy:    branch: results/phase16-acceptance-20260424-214708
Parent jobs: 54933838
Start:       Fri Apr 24 09:47:08 PM AEST 2026
============================================================

Checking git configuration...
Testing push access to origin...
  Remote accessible: git@github.com:adammanoogian/dcm_pytorch.git
  Current branch: main
  HEAD:           f7c2ba9

Staging Phase 16 result files...
  + Phase 16 SLURM stdout logs (1 files)
  + Phase 16 SLURM stderr logs (1 files)
  + Phase 16 pytest tee logs (1 files)
  + Phase 16 acceptance result summaries (1 files)
  + Phase 16 acceptance markdown reports (1 files)

Staged changes:
 cluster/logs/phase16_54933838.err                |   0
 cluster/logs/phase16_54933838.out                | 189 +++++++++++++++++++++++
 cluster/logs/pytest_phase16_54933838.log         | 154 ++++++++++++++++++
 cluster/results/phase16_acceptance_54933838.json |  12 ++
 cluster/results/phase16_acceptance_54933838.md   |  16 ++
 5 files changed, 371 insertions(+)

Creating results branch: results/phase16-acceptance-20260424-214708
[results/phase16-acceptance-20260424-214708 b045de2] results(phase16): acceptance gate outputs (SLURM jobs: 54933838)
 5 files changed, 371 insertions(+)
 create mode 100644 cluster/logs/phase16_54933838.err
 create mode 100644 cluster/logs/phase16_54933838.out
 create mode 100644 cluster/logs/pytest_phase16_54933838.log
 create mode 100644 cluster/results/phase16_acceptance_54933838.json
 create mode 100644 cluster/results/phase16_acceptance_54933838.md
Pushing branch to origin...
branch 'results/phase16-acceptance-20260424-214708' set up to track 'origin/results/phase16-acceptance-20260424-214708'.
STATUS: PUSHED TO BRANCH results/phase16-acceptance-20260424-214708
Returning to branch: main
Your branch is up to date with 'origin/main'.

============================================================
Git Push Complete!
============================================================
End time: Fri Apr 24 09:47:15 PM AEST 2026
Merge locally: git fetch origin && git merge origin/results/phase16-acceptance-20260424-214708
============================================================
